2015-04-10 15:45:32,032 ----------========== Starting session! ==========----------
2015-04-10 15:45:32,043 Display initialized
2015-04-10 15:45:35,036 Break start - <built-in function id>
2015-04-10 15:45:39,836 Break start - <built-in function id>
2015-04-10 15:46:07,164 ----------========== Starting session! ==========----------
2015-04-10 15:46:07,176 Display initialized
2015-04-10 15:46:16,352 Break start - <built-in function id>
2015-04-10 15:46:25,281 Break start - <built-in function id>
2015-04-10 15:46:28,026 Break start - <built-in function id>
2015-04-10 15:46:32,066 Break end - <built-in function id>
2015-04-10 15:46:35,731 Break end - <built-in function id>
2015-04-10 15:46:37,427 Break end - <built-in function id>
2015-04-10 15:46:38,539 Break end - <built-in function id>
2015-04-10 17:59:12,630 ----------========== Starting session! ==========----------
2015-04-10 17:59:12,639 Display initialized
2015-04-10 17:59:22,395 Break start - <built-in function id>
2015-04-10 17:59:32,724 Break start - <built-in function id>
2015-04-10 17:59:34,206 Break end - <built-in function id>
2015-04-10 17:59:36,910 Deleting last action - <built-in function id>
2015-04-10 17:59:37,695  - Deleting canceled
